; Gadget version 2.1.06 running on compute-6-23 Mon Oct 31 15:49:48 2016
; a simulation run was performed giving a likelihood value of 0
switch	value		lower	upper	optimise
Linf	          19	   -9999     9999        1
kappa	        0.05	   -9999     9999        1
alpha	     2.9e-05	   -9999     9999        1
beta	      3.3438	   -9999     9999        1
bbeta	         0.1	   -9999     9999        1
init0	   1.9840477	   -9999     9999        1
init1	  0.80544288	   -9999     9999        1
init2	 3.44869e-06	   -9999     9999        1
init3	   1.0999995	   -9999     9999        1
rec88	   116.03672	   -9999     9999        1
recl	   11.112807	   -9999     9999        1
sdrecl4	   1.7505799	   -9999     9999        1
rec89	   161.62831	   -9999     9999        1
rec90	   116.92369	   -9999     9999        1
rec91	   48.542914	   -9999     9999        1
rec92	   27.627864	   -9999     9999        1
rec93	   18.011822	   -9999     9999        1
rec94	   7.2760333	   -9999     9999        1
rec95	   89.683367	   -9999     9999        1
rec96	   186.99445	   -9999     9999        1
rec97	    166.0754	   -9999     9999        1
rec98	   114.88943	   -9999     9999        1
rec99	   61.029372	   -9999     9999        1
rec00	   122.97482	   -9999     9999        1
rec01	    99.96291	   -9999     9999        1
rec02	   52.713093	   -9999     9999        1
rec03	   87.486429	   -9999     9999        1
rec04	   78.516645	   -9999     9999        1
rec05	   125.76333	   -9999     9999        1
rec06	   108.40187	   -9999     9999        1
rec07	   23.789032	   -9999     9999        1
rec08	   82.697789	   -9999     9999        1
rec09	   40.927985	   -9999     9999        1
rec10	   185.50188	   -9999     9999        1
rec11	0.0025821429	   -9999     9999        1
rec12	   68.959333	   -9999     9999        1
rec13	   197.29447	   -9999     9999        1
rec14	        1000	   -9999     9999        1
rec15	   808.64895	   -9999     9999        1
rec2016	        9999	   -9999     9999        1 ; warning - parameter has been reset to bound
rec2017	        9999	   -9999     9999        1 ; warning - parameter has been reset to bound
rec2018	        9999	   -9999     9999        1 ; warning - parameter has been reset to bound
rec2019	        9999	   -9999     9999        1 ; warning - parameter has been reset to bound
rec2020	        9999	   -9999     9999        1 ; warning - parameter has been reset to bound
rec2021	        9999	   -9999     9999        1 ; warning - parameter has been reset to bound
rec2022	        9999	   -9999     9999        1 ; warning - parameter has been reset to bound
rec2023	        9999	   -9999     9999        1 ; warning - parameter has been reset to bound
rec2024	        9999	   -9999     9999        1 ; warning - parameter has been reset to bound
rec2025	        9999	   -9999     9999        1 ; warning - parameter has been reset to bound
rec2026	        9999	   -9999     9999        1 ; warning - parameter has been reset to bound
rec2027	        9999	   -9999     9999        1 ; warning - parameter has been reset to bound
rec2028	        9999	   -9999     9999        1 ; warning - parameter has been reset to bound
rec2029	        9999	   -9999     9999        1 ; warning - parameter has been reset to bound
rec2030	        9999	   -9999     9999        1 ; warning - parameter has been reset to bound
rec2031	        9999	   -9999     9999        1 ; warning - parameter has been reset to bound
rec2032	        9999	   -9999     9999        1 ; warning - parameter has been reset to bound
rec2033	        9999	   -9999     9999        1 ; warning - parameter has been reset to bound
rec2034	        9999	   -9999     9999        1 ; warning - parameter has been reset to bound
rec2035	        9999	   -9999     9999        1 ; warning - parameter has been reset to bound
rec2036	        9999	   -9999     9999        1 ; warning - parameter has been reset to bound
rec2037	        9999	   -9999     9999        1 ; warning - parameter has been reset to bound
rec2038	        9999	   -9999     9999        1 ; warning - parameter has been reset to bound
rec2039	        9999	   -9999     9999        1 ; warning - parameter has been reset to bound
rec2040	        9999	   -9999     9999        1 ; warning - parameter has been reset to bound
rec2041	        9999	   -9999     9999        1 ; warning - parameter has been reset to bound
rec2042	        9999	   -9999     9999        1 ; warning - parameter has been reset to bound
rec2043	        9999	   -9999     9999        1 ; warning - parameter has been reset to bound
rec2044	        9999	   -9999     9999        1 ; warning - parameter has been reset to bound
rec2045	        9999	   -9999     9999        1 ; warning - parameter has been reset to bound
rec2046	        9999	   -9999     9999        1 ; warning - parameter has been reset to bound
rec2047	        9999	   -9999     9999        1 ; warning - parameter has been reset to bound
rec2048	        9999	   -9999     9999        1 ; warning - parameter has been reset to bound
rec2049	        9999	   -9999     9999        1 ; warning - parameter has been reset to bound
rec2050	        9999	   -9999     9999        1 ; warning - parameter has been reset to bound
rec2051	        9999	   -9999     9999        1 ; warning - parameter has been reset to bound
rec2052	        9999	   -9999     9999        1 ; warning - parameter has been reset to bound
rec2053	        9999	   -9999     9999        1 ; warning - parameter has been reset to bound
rec2054	        9999	   -9999     9999        1 ; warning - parameter has been reset to bound
rec2055	        9999	   -9999     9999        1 ; warning - parameter has been reset to bound
rec2056	        9999	   -9999     9999        1 ; warning - parameter has been reset to bound
rec2057	        9999	   -9999     9999        1 ; warning - parameter has been reset to bound
rec2058	        9999	   -9999     9999        1 ; warning - parameter has been reset to bound
rec2059	        9999	   -9999     9999        1 ; warning - parameter has been reset to bound
rec2060	        9999	   -9999     9999        1 ; warning - parameter has been reset to bound
rec2061	        9999	   -9999     9999        1 ; warning - parameter has been reset to bound
rec2062	        9999	   -9999     9999        1 ; warning - parameter has been reset to bound
rec2063	        9999	   -9999     9999        1 ; warning - parameter has been reset to bound
rec2064	        9999	   -9999     9999        1 ; warning - parameter has been reset to bound
rec2065	        9999	   -9999     9999        1 ; warning - parameter has been reset to bound
rec2066	        9999	   -9999     9999        1 ; warning - parameter has been reset to bound
rec2067	        9999	   -9999     9999        1 ; warning - parameter has been reset to bound
rec2068	        9999	   -9999     9999        1 ; warning - parameter has been reset to bound
rec2069	        9999	   -9999     9999        1 ; warning - parameter has been reset to bound
rec2070	        9999	   -9999     9999        1 ; warning - parameter has been reset to bound
rec2071	        9999	   -9999     9999        1 ; warning - parameter has been reset to bound
rec2072	        9999	   -9999     9999        1 ; warning - parameter has been reset to bound
rec2073	        9999	   -9999     9999        1 ; warning - parameter has been reset to bound
rec2074	        9999	   -9999     9999        1 ; warning - parameter has been reset to bound
rec2075	        9999	   -9999     9999        1 ; warning - parameter has been reset to bound
rec2076	        9999	   -9999     9999        1 ; warning - parameter has been reset to bound
rec2077	        9999	   -9999     9999        1 ; warning - parameter has been reset to bound
rec2078	        9999	   -9999     9999        1 ; warning - parameter has been reset to bound
rec2079	        9999	   -9999     9999        1 ; warning - parameter has been reset to bound
rec2080	        9999	   -9999     9999        1 ; warning - parameter has been reset to bound
rec2081	        9999	   -9999     9999        1 ; warning - parameter has been reset to bound
rec2082	        9999	   -9999     9999        1 ; warning - parameter has been reset to bound
rec2083	        9999	   -9999     9999        1 ; warning - parameter has been reset to bound
rec2084	        9999	   -9999     9999        1 ; warning - parameter has been reset to bound
rec2085	        9999	   -9999     9999        1 ; warning - parameter has been reset to bound
rec2086	        9999	   -9999     9999        1 ; warning - parameter has been reset to bound
rec2087	        9999	   -9999     9999        1 ; warning - parameter has been reset to bound
rec2088	        9999	   -9999     9999        1 ; warning - parameter has been reset to bound
rec2089	        9999	   -9999     9999        1 ; warning - parameter has been reset to bound
rec2090	        9999	   -9999     9999        1 ; warning - parameter has been reset to bound
rec2091	        9999	   -9999     9999        1 ; warning - parameter has been reset to bound
rec2092	        9999	   -9999     9999        1 ; warning - parameter has been reset to bound
rec2093	        9999	   -9999     9999        1 ; warning - parameter has been reset to bound
rec2094	        9999	   -9999     9999        1 ; warning - parameter has been reset to bound
rec2095	        9999	   -9999     9999        1 ; warning - parameter has been reset to bound
rec2096	        9999	   -9999     9999        1 ; warning - parameter has been reset to bound
rec2097	        9999	   -9999     9999        1 ; warning - parameter has been reset to bound
rec2098	        9999	   -9999     9999        1 ; warning - parameter has been reset to bound
rec2099	        9999	   -9999     9999        1 ; warning - parameter has been reset to bound
rec2100	        9999	   -9999     9999        1 ; warning - parameter has been reset to bound
rec2101	        9999	   -9999     9999        1 ; warning - parameter has been reset to bound
rec2102	        9999	   -9999     9999        1 ; warning - parameter has been reset to bound
rec2103	        9999	   -9999     9999        1 ; warning - parameter has been reset to bound
rec2104	        9999	   -9999     9999        1 ; warning - parameter has been reset to bound
rec2105	        9999	   -9999     9999        1 ; warning - parameter has been reset to bound
rec2106	        9999	   -9999     9999        1 ; warning - parameter has been reset to bound
rec2107	        9999	   -9999     9999        1 ; warning - parameter has been reset to bound
rec2108	        9999	   -9999     9999        1 ; warning - parameter has been reset to bound
rec2109	        9999	   -9999     9999        1 ; warning - parameter has been reset to bound
rec2110	        9999	   -9999     9999        1 ; warning - parameter has been reset to bound
rec2111	        9999	   -9999     9999        1 ; warning - parameter has been reset to bound
rec2112	        9999	   -9999     9999        1 ; warning - parameter has been reset to bound
rec2113	        9999	   -9999     9999        1 ; warning - parameter has been reset to bound
rec2114	        9999	   -9999     9999        1 ; warning - parameter has been reset to bound
rec2115	        9999	   -9999     9999        1 ; warning - parameter has been reset to bound
rec2116	           1	   -9999     9999        0
anchalpha01	         0.8	   -9999     9999        1
anchL5001	   8.7763966	   -9999     9999        1
constanteco	  0.29980505	   -9999     9999        1
l50eco	   12.843256	   -9999     9999        1
constantpel	  0.27493947	   -9999     9999        1
l50pel	   10.879541	   -9999     9999        1
rgadget.effort	         1.5	   -9999     9999        1
