; Gadget version 2.2.00-BETA running on Marganchovy Wed Mar 11 19:12:30 2015
; Listing of the switches used in the current Gadget run
Linf	anchgrowergrowthcalcHmodelvariable	
kappa	anchgrowergrowthcalcHmodelvariable	
alpha	anchgrowergrowthcalcHmodelvariable	
beta	anchgrowergrowthcalcHmodelvariable	
bbeta	anchgrower	
rec88	anchrenewaldata	
rec89	anchrenewaldata	
rec90	anchrenewaldata	
rec91	anchrenewaldata	
rec92	anchrenewaldata	
rec93	anchrenewaldata	
rec94	anchrenewaldata	
rec95	anchrenewaldata	
rec96	anchrenewaldata	
rec97	anchrenewaldata	
rec98	anchrenewaldata	
rec99	anchrenewaldata	
rec00	anchrenewaldata	
rec01	anchrenewaldata	
rec02	anchrenewaldata	
constant	fleetseinepredatorseinesuitabilityforanchmodelvariable	
;
; Listing of the likelihood components used in the current Gadget run
;
; Component	Type	Weight
bounds	8	1e+10
understocking	2	1e+10
ldist.seine	3	50
;
; Listing of the output from the likelihood components for the current Gadget run
;
0	        19      0.074   0.340988    7.05988    508.986 3.8023e+07 2.19532e+07 2.84591e+07 2.71572e+07 4.47523e+07 3.21378e+07 1.91516e+07 5.90387e+07 3.81494e+07 3.54814e+07 4.98099e+07 1.14151e+07 1.82397e+07 9.09879e+06 3.58385e+07          1 		       0        0    12.57 		   628.574455130274
