; Gadget version 2.1.06 running on compute-6-23 Thu Oct 27 17:11:27 2016
; Listing of the switches used in the current Gadget run
Linf	anchgrowergrowthcalcHtimevariable	
kappa	anchgrowergrowthcalcHtimevariable	
alpha	anchgrowergrowthcalcHtimevariable	
beta	anchgrowergrowthcalcHtimevariable	
bbeta	anchgrower	
init0	anchinitialcondmeandata	
init1	anchinitialcondmeandata	
init2	anchinitialcondmeandata	
init3	anchinitialcondmeandata	
rec01	anchrenewaldata	
recl	anchrenewaldata	anchrenewaldata	anchrenewaldata	anchrenewaldata	anchrenewaldata	anchrenewaldata	anchrenewaldata	anchrenewaldata	anchrenewaldata	anchrenewaldata	anchrenewaldata	anchrenewaldata	anchrenewaldata	anchrenewaldata	anchrenewaldata	
sdrecl4	anchrenewaldata	anchrenewaldata	anchrenewaldata	anchrenewaldata	anchrenewaldata	anchrenewaldata	anchrenewaldata	anchrenewaldata	anchrenewaldata	anchrenewaldata	anchrenewaldata	anchrenewaldata	anchrenewaldata	anchrenewaldata	anchrenewaldata	
rec02	anchrenewaldata	
rec03	anchrenewaldata	
rec04	anchrenewaldata	
rec05	anchrenewaldata	
rec06	anchrenewaldata	
rec07	anchrenewaldata	
rec08	anchrenewaldata	
rec09	anchrenewaldata	
rec10	anchrenewaldata	
rec11	anchrenewaldata	
rec12	anchrenewaldata	
rec13	anchrenewaldata	
rec14	anchrenewaldata	
rec15	anchrenewaldata	
anchalpha01	fleetseinepredatorseinesuitabilityforanchtimevariable	
anchL5001	fleetseinepredatorseinesuitabilityforanchtimevariable	
constanteco	fleetECOpredatorECOsuitabilityforanchtimevariable	
l50eco	fleetECOpredatorECOsuitabilityforanchtimevariable	
constantpel	fleetPELpredatorPELsuitabilityforanchtimevariable	
l50pel	fleetPELpredatorPELsuitabilityforanchtimevariable	
;
; Listing of the likelihood components used in the current Gadget run
;
; Component	Type	Weight
bounds	8	0.5
understocking	2	1e+08
ldist.seine	3	1
ldist.ecocadiz	3	1
catches.agedist	3	1
pelagonumber.survey	1	1
ldist.pelago	3	1
sarnumber.survey	1	1
length.at.age	4	1
ecocadiz.survey	1	1
;
; Listing of the output from the likelihood components for the current Gadget run
;
0	        19       0.89    2.9e-05     3.3438          1          1          1          1          1        100          5          1        100        100        100        100        100        100        100        100        100        100        100        100        100        100          1         10   0.743257         10    1.03609         10 		       0 1.472e+15    12.93     1.27    53.25     5.43    1.989    0.889 9.453e+10    5.058 		1.47241351976727e+23
