; Gadget version 2.1.06 running on compute-6-23 Mon Oct 31 11:30:14 2016
; a simulation run was performed giving a likelihood value of 0
switch	value		lower	upper	optimise
Linf	          19	   -9999     9999        1
kappa	 0.050000384	   -9999     9999        1
alpha	     2.9e-05	   -9999     9999        1
beta	      3.3438	   -9999     9999        1
bbeta	  0.32717807	   -9999     9999        1
init0	  0.53635607	   -9999     9999        1
init1	   1.9999993	   -9999     9999        1
init2	  0.14238808	   -9999     9999        1
init3	   1.0999924	   -9999     9999        1
rec01	   109.88176	   -9999     9999        1
recl	   11.550916	   -9999     9999        1
sdrecl4	     1.42254	   -9999     9999        1
rec02	    51.46017	   -9999     9999        1
rec03	   58.132476	   -9999     9999        1
rec04	   70.384398	   -9999     9999        1
rec05	   92.962539	   -9999     9999        1
rec06	    95.08842	   -9999     9999        1
rec07	   33.840439	   -9999     9999        1
rec08	   35.723519	   -9999     9999        1
rec09	   33.462501	   -9999     9999        1
rec10	   85.888742	   -9999     9999        1
rec11	   57.824438	   -9999     9999        1
rec12	   55.291446	   -9999     9999        1
rec13	   148.46736	   -9999     9999        1
rec14	   999.99161	   -9999     9999        1
rec15	   912.10956	   -9999     9999        1
rec2016	        9999	   -9999     9999        1 ; warning - parameter has been reset to bound
rec2017	        9999	   -9999     9999        1 ; warning - parameter has been reset to bound
rec2018	        9999	   -9999     9999        1 ; warning - parameter has been reset to bound
rec2019	        9999	   -9999     9999        1 ; warning - parameter has been reset to bound
rec2020	        9999	   -9999     9999        1 ; warning - parameter has been reset to bound
rec2021	        9999	   -9999     9999        1 ; warning - parameter has been reset to bound
rec2022	        9999	   -9999     9999        1 ; warning - parameter has been reset to bound
rec2023	        9999	   -9999     9999        1 ; warning - parameter has been reset to bound
rec2024	        9999	   -9999     9999        1 ; warning - parameter has been reset to bound
rec2025	        9999	   -9999     9999        1 ; warning - parameter has been reset to bound
rec2026	        9999	   -9999     9999        1 ; warning - parameter has been reset to bound
rec2027	        9999	   -9999     9999        1 ; warning - parameter has been reset to bound
rec2028	        9999	   -9999     9999        1 ; warning - parameter has been reset to bound
rec2029	        9999	   -9999     9999        1 ; warning - parameter has been reset to bound
rec2030	        9999	   -9999     9999        1 ; warning - parameter has been reset to bound
rec2031	        9999	   -9999     9999        1 ; warning - parameter has been reset to bound
rec2032	        9999	   -9999     9999        1 ; warning - parameter has been reset to bound
rec2033	        9999	   -9999     9999        1 ; warning - parameter has been reset to bound
rec2034	        9999	   -9999     9999        1 ; warning - parameter has been reset to bound
rec2035	        9999	   -9999     9999        1 ; warning - parameter has been reset to bound
rec2036	        9999	   -9999     9999        1 ; warning - parameter has been reset to bound
rec2037	        9999	   -9999     9999        1 ; warning - parameter has been reset to bound
rec2038	        9999	   -9999     9999        1 ; warning - parameter has been reset to bound
rec2039	        9999	   -9999     9999        1 ; warning - parameter has been reset to bound
rec2040	        9999	   -9999     9999        1 ; warning - parameter has been reset to bound
rec2041	        9999	   -9999     9999        1 ; warning - parameter has been reset to bound
rec2042	        9999	   -9999     9999        1 ; warning - parameter has been reset to bound
rec2043	        9999	   -9999     9999        1 ; warning - parameter has been reset to bound
rec2044	        9999	   -9999     9999        1 ; warning - parameter has been reset to bound
rec2045	        9999	   -9999     9999        1 ; warning - parameter has been reset to bound
rec2046	        9999	   -9999     9999        1 ; warning - parameter has been reset to bound
rec2047	        9999	   -9999     9999        1 ; warning - parameter has been reset to bound
rec2048	        9999	   -9999     9999        1 ; warning - parameter has been reset to bound
rec2049	        9999	   -9999     9999        1 ; warning - parameter has been reset to bound
rec2050	        9999	   -9999     9999        1 ; warning - parameter has been reset to bound
rec2051	        9999	   -9999     9999        1 ; warning - parameter has been reset to bound
rec2052	        9999	   -9999     9999        1 ; warning - parameter has been reset to bound
rec2053	        9999	   -9999     9999        1 ; warning - parameter has been reset to bound
rec2054	        9999	   -9999     9999        1 ; warning - parameter has been reset to bound
rec2055	        9999	   -9999     9999        1 ; warning - parameter has been reset to bound
rec2056	        9999	   -9999     9999        1 ; warning - parameter has been reset to bound
rec2057	        9999	   -9999     9999        1 ; warning - parameter has been reset to bound
rec2058	        9999	   -9999     9999        1 ; warning - parameter has been reset to bound
rec2059	        9999	   -9999     9999        1 ; warning - parameter has been reset to bound
rec2060	        9999	   -9999     9999        1 ; warning - parameter has been reset to bound
rec2061	        9999	   -9999     9999        1 ; warning - parameter has been reset to bound
rec2062	        9999	   -9999     9999        1 ; warning - parameter has been reset to bound
rec2063	        9999	   -9999     9999        1 ; warning - parameter has been reset to bound
rec2064	        9999	   -9999     9999        1 ; warning - parameter has been reset to bound
rec2065	        9999	   -9999     9999        1 ; warning - parameter has been reset to bound
rec2066	        9999	   -9999     9999        1 ; warning - parameter has been reset to bound
rec2067	        9999	   -9999     9999        1 ; warning - parameter has been reset to bound
rec2068	        9999	   -9999     9999        1 ; warning - parameter has been reset to bound
rec2069	        9999	   -9999     9999        1 ; warning - parameter has been reset to bound
rec2070	        9999	   -9999     9999        1 ; warning - parameter has been reset to bound
rec2071	        9999	   -9999     9999        1 ; warning - parameter has been reset to bound
rec2072	        9999	   -9999     9999        1 ; warning - parameter has been reset to bound
rec2073	        9999	   -9999     9999        1 ; warning - parameter has been reset to bound
rec2074	        9999	   -9999     9999        1 ; warning - parameter has been reset to bound
rec2075	        9999	   -9999     9999        1 ; warning - parameter has been reset to bound
rec2076	        9999	   -9999     9999        1 ; warning - parameter has been reset to bound
rec2077	        9999	   -9999     9999        1 ; warning - parameter has been reset to bound
rec2078	        9999	   -9999     9999        1 ; warning - parameter has been reset to bound
rec2079	        9999	   -9999     9999        1 ; warning - parameter has been reset to bound
rec2080	        9999	   -9999     9999        1 ; warning - parameter has been reset to bound
rec2081	        9999	   -9999     9999        1 ; warning - parameter has been reset to bound
rec2082	        9999	   -9999     9999        1 ; warning - parameter has been reset to bound
rec2083	        9999	   -9999     9999        1 ; warning - parameter has been reset to bound
rec2084	        9999	   -9999     9999        1 ; warning - parameter has been reset to bound
rec2085	        9999	   -9999     9999        1 ; warning - parameter has been reset to bound
rec2086	        9999	   -9999     9999        1 ; warning - parameter has been reset to bound
rec2087	        9999	   -9999     9999        1 ; warning - parameter has been reset to bound
rec2088	        9999	   -9999     9999        1 ; warning - parameter has been reset to bound
rec2089	        9999	   -9999     9999        1 ; warning - parameter has been reset to bound
rec2090	        9999	   -9999     9999        1 ; warning - parameter has been reset to bound
rec2091	        9999	   -9999     9999        1 ; warning - parameter has been reset to bound
rec2092	        9999	   -9999     9999        1 ; warning - parameter has been reset to bound
rec2093	        9999	   -9999     9999        1 ; warning - parameter has been reset to bound
rec2094	        9999	   -9999     9999        1 ; warning - parameter has been reset to bound
rec2095	        9999	   -9999     9999        1 ; warning - parameter has been reset to bound
rec2096	        9999	   -9999     9999        1 ; warning - parameter has been reset to bound
rec2097	        9999	   -9999     9999        1 ; warning - parameter has been reset to bound
rec2098	        9999	   -9999     9999        1 ; warning - parameter has been reset to bound
rec2099	        9999	   -9999     9999        1 ; warning - parameter has been reset to bound
rec2100	        9999	   -9999     9999        1 ; warning - parameter has been reset to bound
rec2101	        9999	   -9999     9999        1 ; warning - parameter has been reset to bound
rec2102	        9999	   -9999     9999        1 ; warning - parameter has been reset to bound
rec2103	        9999	   -9999     9999        1 ; warning - parameter has been reset to bound
rec2104	        9999	   -9999     9999        1 ; warning - parameter has been reset to bound
rec2105	        9999	   -9999     9999        1 ; warning - parameter has been reset to bound
rec2106	        9999	   -9999     9999        1 ; warning - parameter has been reset to bound
rec2107	        9999	   -9999     9999        1 ; warning - parameter has been reset to bound
rec2108	        9999	   -9999     9999        1 ; warning - parameter has been reset to bound
rec2109	        9999	   -9999     9999        1 ; warning - parameter has been reset to bound
rec2110	        9999	   -9999     9999        1 ; warning - parameter has been reset to bound
rec2111	        9999	   -9999     9999        1 ; warning - parameter has been reset to bound
rec2112	        9999	   -9999     9999        1 ; warning - parameter has been reset to bound
rec2113	        9999	   -9999     9999        1 ; warning - parameter has been reset to bound
rec2114	        9999	   -9999     9999        1 ; warning - parameter has been reset to bound
rec2115	        9999	   -9999     9999        1 ; warning - parameter has been reset to bound
rec2116	           1	   -9999     9999        0
anchalpha01	  0.80000002	   -9999     9999        1
anchL5001	   9.6506676	   -9999     9999        1
constanteco	  0.23440992	   -9999     9999        1
l50eco	   13.732416	   -9999     9999        1
constantpel	   0.2000001	   -9999     9999        1
l50pel	      10.355	   -9999     9999        1
rgadget.effort	         1.5	   -9999     9999        1
