; Gadget version 2.2.00-BETA running on Marganchovy Fri Jun 12 12:57:26 2015
; Listing of the switches used in the current Gadget run
Linf	anchgrowergrowthcalcHmodelvariable	
kappa	anchgrowergrowthcalcHmodelvariable	
alpha	anchgrowergrowthcalcHmodelvariable	
beta	anchgrowergrowthcalcHmodelvariable	
bbeta	anchgrower	
rec88	anchrenewaldata	
rec89	anchrenewaldata	
rec90	anchrenewaldata	
rec91	anchrenewaldata	
rec92	anchrenewaldata	
rec93	anchrenewaldata	
rec94	anchrenewaldata	
rec95	anchrenewaldata	
rec96	anchrenewaldata	
rec97	anchrenewaldata	
rec98	anchrenewaldata	
rec99	anchrenewaldata	
rec00	anchrenewaldata	
rec01	anchrenewaldata	
rec02	anchrenewaldata	
rec03	anchrenewaldata	
rec04	anchrenewaldata	
rec05	anchrenewaldata	
rec06	anchrenewaldata	
rec07	anchrenewaldata	
rec08	anchrenewaldata	
rec09	anchrenewaldata	
rec10	anchrenewaldata	
rec11	anchrenewaldata	
rec12	anchrenewaldata	
rec13	anchrenewaldata	
constant	fleetseinepredatorseinesuitabilityforanchmodelvariable	
;
; Listing of the likelihood components used in the current Gadget run
;
; Component	Type	Weight
bounds	8	0.5
ldist.seine	3	1
ldist.ecocadiz0813	3	1
catches.agedist	3	1
pelagonumber.survey	1	1
ecocadiz.survey	1	1
sarnumber.survey	1	1
