; Gadget version 2.2.00-BETA running on Marganchovy Tue May 19 18:08:05 2015
; Listing of the switches used in the current Gadget run
Linf	anchgrowergrowthcalcHmodelvariable	
kappa	anchgrowergrowthcalcHmodelvariable	
alpha	anchgrowergrowthcalcHmodelvariable	
beta	anchgrowergrowthcalcHmodelvariable	
bbeta	anchgrower	
rec88	anchrenewaldata	
rec89	anchrenewaldata	
rec90	anchrenewaldata	
rec91	anchrenewaldata	
rec92	anchrenewaldata	
rec93	anchrenewaldata	
rec94	anchrenewaldata	
rec95	anchrenewaldata	
rec96	anchrenewaldata	
rec97	anchrenewaldata	
rec98	anchrenewaldata	
rec99	anchrenewaldata	
rec00	anchrenewaldata	
rec01	anchrenewaldata	
rec02	anchrenewaldata	
constant	fleetseinepredatorseinesuitabilityforanchmodelvariable	
;
; Listing of the likelihood components used in the current Gadget run
;
; Component	Type	Weight
ldist.seine	3	780.64
understocking	2	1e+10
bounds	8	1e+10
;
; Listing of the output from the likelihood components for the current Gadget run
;
0	        19      0.074    4.95259     7.0846    869.097 1.54216e+07 6.18183e+06 5.73046e+07 2.84188e+06 2.26399e+07 1.26804e+07 1.19773e+07 4.09949e+07 1.67364e+07 3.67705e+07 3.72521e+07 1.98401e+07 3.97131e+07 2.38594e+06 1.07102e+07          1 		   12.66        0        0 		   9880.32720307389
