; Gadget version 2.2.00-BETA running on c0910 Tue May 26 18:12:04 2020
; Listing of the switches used in the current Gadget run
Linf	anchgrowergrowthcalcHmodelvariable	
kappa	anchgrowergrowthcalcHmodelvariable	
alpha	anchgrowergrowthcalcHmodelvariable	
beta	anchgrowergrowthcalcHmodelvariable	
bbeta	anchgrower	
init0	anchinitialcondmeandata	
init1	anchinitialcondmeandata	
init2	anchinitialcondmeandata	
init3	anchinitialcondmeandata	
rec79	anchrenewaldata	
reclm	anchrenewaldata	anchrenewaldata	anchrenewaldata	anchrenewaldata	anchrenewaldata	anchrenewaldata	anchrenewaldata	anchrenewaldata	anchrenewaldata	
sdreclm	anchrenewaldata	anchrenewaldata	anchrenewaldata	anchrenewaldata	anchrenewaldata	anchrenewaldata	anchrenewaldata	anchrenewaldata	anchrenewaldata	
rec80	anchrenewaldata	
rec81	anchrenewaldata	
rec82	anchrenewaldata	
rec83	anchrenewaldata	
rec84	anchrenewaldata	
rec85	anchrenewaldata	
rec86	anchrenewaldata	
rec87	anchrenewaldata	
P388	anchrenewaldata	
rec88	anchrenewaldata	anchrenewaldata	
recl	anchrenewaldata	anchrenewaldata	anchrenewaldata	anchrenewaldata	anchrenewaldata	anchrenewaldata	anchrenewaldata	anchrenewaldata	anchrenewaldata	anchrenewaldata	anchrenewaldata	anchrenewaldata	anchrenewaldata	anchrenewaldata	anchrenewaldata	anchrenewaldata	anchrenewaldata	anchrenewaldata	anchrenewaldata	anchrenewaldata	anchrenewaldata	anchrenewaldata	anchrenewaldata	anchrenewaldata	anchrenewaldata	anchrenewaldata	anchrenewaldata	anchrenewaldata	anchrenewaldata	anchrenewaldata	anchrenewaldata	anchrenewaldata	anchrenewaldata	anchrenewaldata	anchrenewaldata	anchrenewaldata	anchrenewaldata	anchrenewaldata	anchrenewaldata	anchrenewaldata	anchrenewaldata	anchrenewaldata	anchrenewaldata	anchrenewaldata	anchrenewaldata	anchrenewaldata	anchrenewaldata	anchrenewaldata	anchrenewaldata	anchrenewaldata	anchrenewaldata	anchrenewaldata	anchrenewaldata	anchrenewaldata	anchrenewaldata	anchrenewaldata	anchrenewaldata	anchrenewaldata	anchrenewaldata	anchrenewaldata	anchrenewaldata	anchrenewaldata	anchrenewaldata	anchrenewaldata	anchrenewaldata	anchrenewaldata	anchrenewaldata	anchrenewaldata	anchrenewaldata	anchrenewaldata	anchrenewaldata	anchrenewaldata	anchrenewaldata	anchrenewaldata	anchrenewaldata	anchrenewaldata	anchrenewaldata	anchrenewaldata	anchrenewaldata	anchrenewaldata	anchrenewaldata	anchrenewaldata	anchrenewaldata	anchrenewaldata	anchrenewaldata	anchrenewaldata	anchrenewaldata	anchrenewaldata	anchrenewaldata	anchrenewaldata	anchrenewaldata	anchrenewaldata	anchrenewaldata	anchrenewaldata	anchrenewaldata	
sdrecl	anchrenewaldata	anchrenewaldata	anchrenewaldata	anchrenewaldata	anchrenewaldata	anchrenewaldata	anchrenewaldata	anchrenewaldata	anchrenewaldata	anchrenewaldata	anchrenewaldata	anchrenewaldata	anchrenewaldata	anchrenewaldata	anchrenewaldata	anchrenewaldata	anchrenewaldata	anchrenewaldata	anchrenewaldata	anchrenewaldata	anchrenewaldata	anchrenewaldata	anchrenewaldata	anchrenewaldata	anchrenewaldata	anchrenewaldata	anchrenewaldata	anchrenewaldata	anchrenewaldata	anchrenewaldata	anchrenewaldata	anchrenewaldata	
P389	anchrenewaldata	
rec89	anchrenewaldata	anchrenewaldata	anchrenewaldata	
P390	anchrenewaldata	
rec90	anchrenewaldata	anchrenewaldata	anchrenewaldata	
P391	anchrenewaldata	
rec91	anchrenewaldata	anchrenewaldata	anchrenewaldata	
P392	anchrenewaldata	
rec92	anchrenewaldata	anchrenewaldata	anchrenewaldata	
P393	anchrenewaldata	
rec93	anchrenewaldata	anchrenewaldata	anchrenewaldata	
P394	anchrenewaldata	
rec94	anchrenewaldata	anchrenewaldata	anchrenewaldata	
P395	anchrenewaldata	
rec95	anchrenewaldata	anchrenewaldata	anchrenewaldata	
P396	anchrenewaldata	
rec96	anchrenewaldata	anchrenewaldata	anchrenewaldata	
P397	anchrenewaldata	
rec97	anchrenewaldata	anchrenewaldata	anchrenewaldata	
P398	anchrenewaldata	
rec98	anchrenewaldata	anchrenewaldata	anchrenewaldata	
P399	anchrenewaldata	
rec99	anchrenewaldata	anchrenewaldata	anchrenewaldata	
P300	anchrenewaldata	
rec00	anchrenewaldata	anchrenewaldata	anchrenewaldata	
P301	anchrenewaldata	
rec01	anchrenewaldata	anchrenewaldata	anchrenewaldata	
P302	anchrenewaldata	
rec02	anchrenewaldata	anchrenewaldata	anchrenewaldata	
P303	anchrenewaldata	
rec03	anchrenewaldata	anchrenewaldata	anchrenewaldata	
P304	anchrenewaldata	
rec04	anchrenewaldata	anchrenewaldata	anchrenewaldata	
P305	anchrenewaldata	
rec05	anchrenewaldata	anchrenewaldata	anchrenewaldata	
P306	anchrenewaldata	
rec06	anchrenewaldata	anchrenewaldata	anchrenewaldata	
P307	anchrenewaldata	
rec07	anchrenewaldata	anchrenewaldata	anchrenewaldata	
P308	anchrenewaldata	
rec08	anchrenewaldata	anchrenewaldata	anchrenewaldata	
P309	anchrenewaldata	
rec09	anchrenewaldata	anchrenewaldata	anchrenewaldata	
P310	anchrenewaldata	
rec10	anchrenewaldata	anchrenewaldata	anchrenewaldata	
P311	anchrenewaldata	
rec11	anchrenewaldata	anchrenewaldata	anchrenewaldata	
P312	anchrenewaldata	
rec12	anchrenewaldata	anchrenewaldata	anchrenewaldata	
P313	anchrenewaldata	
rec13	anchrenewaldata	anchrenewaldata	anchrenewaldata	
P314	anchrenewaldata	
rec14	anchrenewaldata	anchrenewaldata	anchrenewaldata	
P488	anchrenewaldata	
sdrecl4	anchrenewaldata	anchrenewaldata	anchrenewaldata	anchrenewaldata	anchrenewaldata	anchrenewaldata	anchrenewaldata	anchrenewaldata	anchrenewaldata	anchrenewaldata	anchrenewaldata	anchrenewaldata	anchrenewaldata	anchrenewaldata	anchrenewaldata	anchrenewaldata	anchrenewaldata	anchrenewaldata	anchrenewaldata	anchrenewaldata	anchrenewaldata	anchrenewaldata	anchrenewaldata	anchrenewaldata	anchrenewaldata	anchrenewaldata	anchrenewaldata	anchrenewaldata	anchrenewaldata	anchrenewaldata	anchrenewaldata	anchrenewaldata	
P489	anchrenewaldata	
P490	anchrenewaldata	
P491	anchrenewaldata	
P492	anchrenewaldata	
P493	anchrenewaldata	
P494	anchrenewaldata	
P495	anchrenewaldata	
P496	anchrenewaldata	
P497	anchrenewaldata	
P498	anchrenewaldata	
P499	anchrenewaldata	
P400	anchrenewaldata	
P401	anchrenewaldata	
P402	anchrenewaldata	
P403	anchrenewaldata	
P404	anchrenewaldata	
P405	anchrenewaldata	
P406	anchrenewaldata	
P407	anchrenewaldata	
P408	anchrenewaldata	
P409	anchrenewaldata	
P410	anchrenewaldata	
P411	anchrenewaldata	
P412	anchrenewaldata	
P413	anchrenewaldata	
P414	anchrenewaldata	
P315	anchrenewaldata	
rec15	anchrenewaldata	anchrenewaldata	anchrenewaldata	
P415	anchrenewaldata	
P316	anchrenewaldata	
rec16	anchrenewaldata	anchrenewaldata	anchrenewaldata	
P416	anchrenewaldata	
P288	anchrenewaldata	
sdrecl2	anchrenewaldata	anchrenewaldata	anchrenewaldata	anchrenewaldata	anchrenewaldata	anchrenewaldata	anchrenewaldata	anchrenewaldata	anchrenewaldata	anchrenewaldata	anchrenewaldata	anchrenewaldata	anchrenewaldata	anchrenewaldata	anchrenewaldata	anchrenewaldata	anchrenewaldata	anchrenewaldata	anchrenewaldata	anchrenewaldata	anchrenewaldata	anchrenewaldata	anchrenewaldata	anchrenewaldata	anchrenewaldata	anchrenewaldata	anchrenewaldata	anchrenewaldata	anchrenewaldata	anchrenewaldata	anchrenewaldata	
P289	anchrenewaldata	
P290	anchrenewaldata	
P291	anchrenewaldata	
P292	anchrenewaldata	
P293	anchrenewaldata	
P294	anchrenewaldata	
P295	anchrenewaldata	
P296	anchrenewaldata	
P297	anchrenewaldata	
P298	anchrenewaldata	
P299	anchrenewaldata	
P200	anchrenewaldata	
P201	anchrenewaldata	
P202	anchrenewaldata	
P203	anchrenewaldata	
P204	anchrenewaldata	
P205	anchrenewaldata	
P206	anchrenewaldata	
P207	anchrenewaldata	
P208	anchrenewaldata	
P209	anchrenewaldata	
P210	anchrenewaldata	
P211	anchrenewaldata	
P212	anchrenewaldata	
P213	anchrenewaldata	
P214	anchrenewaldata	
P215	anchrenewaldata	
P216	anchrenewaldata	
rec17	anchrenewaldata	anchrenewaldata	anchrenewaldata	
P317	anchrenewaldata	
P417	anchrenewaldata	
P217	anchrenewaldata	
rec18	anchrenewaldata	anchrenewaldata	anchrenewaldata	
P318	anchrenewaldata	
P418	anchrenewaldata	
P218	anchrenewaldata	
rec19	anchrenewaldata	anchrenewaldata	anchrenewaldata	
P319	anchrenewaldata	
P419	anchrenewaldata	
anchalpha88	fleetseinepredatorseinesuitabilityforanchmodelvariableanch	
anchalpha01	fleetseinepredatorseinesuitabilityforanchmodelvariableanch	
anchL5088	fleetseinepredatorseinesuitabilityforanchmodelvariableanch	
anchL5001	fleetseinepredatorseinesuitabilityforanchmodelvariableanch	
constanteco	fleetECOpredatorECOsuitabilityforanchmodelvariable	
l50eco	fleetECOpredatorECOsuitabilityforanchmodelvariable	
constantpel	fleetPELpredatorPELsuitabilityforanchmodelvariable	
l50pel	fleetPELpredatorPELsuitabilityforanchmodelvariable	
;
; Listing of the likelihood components used in the current Gadget run
;
; Component	Type	Weight
bounds	8	0.5
understocking	2	1e+08
ldist.seine	3	1
ldist.pelago.noage	3	1
ldist.ecocadiz.noage	3	1
ldist.alkseine	3	1
aldist.pelago	3	1
aldist.ecocadiz	3	1
pelagonumber.survey	1	1
ecocadiz.survey	1	1
;
; Listing of the output from the likelihood components for the current Gadget run
;
0	        19       0.89 3.12896e-06    3.27767          1          1          1          1          1        100          5          1        100        100        100        100        100        100        100        100        0.5        100          8          1        0.5        100        0.5        100        0.5        100        0.5        100        0.5        100        0.5        100        0.5        100        0.5        100        0.5        100        0.5        100        0.5        100        0.5        100        0.5        100        0.5        100        0.5        100        0.5        100        0.5        100        0.5        100        0.5        100        0.5        100        0.5        100        0.5        100        0.5        100        0.5        100        0.5        100        0.5        100        0.5          1        0.5        0.5        0.5        0.5        0.5        0.5        0.5        0.5        0.5        0.5        0.5        0.5        0.5        0.5        0.5        0.5        0.5        0.5        0.5        0.5        0.5        0.5        0.5        0.5        0.5        0.5        0.5        100        0.5        0.5        100        0.5        0.5          1        0.5        0.5        0.5        0.5        0.5        0.5        0.5        0.5        0.5        0.5        0.5        0.5        0.5        0.5        0.5        0.5        0.5        0.5        0.5        0.5        0.5        0.5        0.5        0.5        0.5        0.5        0.5        0.5        100        0.5        0.5        0.5        100        0.5        0.5        0.5        100        0.5        0.5          1          1          8         10   0.359185         10    1.02467         10 		       0 4.513e+11    23.61    3.636    2.547    4.938   0.1916   0.9136    8.664    5.576 		4.51273646143256e+19
